<?xml version="1.0" encoding="UTF-8"?>
<testsuite xmlns:xsi="http://www.w3.org/2001/XMLSchema-instance" xsi:noNamespaceSchemaLocation="https://maven.apache.org/surefire/maven-surefire-plugin/xsd/surefire-test-report-3.0.xsd" version="3.0" name="com.example.payments.PaymentTests" time="4.977" tests="1" errors="0" skipped="0" failures="0">
  <properties>
    <property name="java.specification.version" value="24"/>
    <property name="sun.jnu.encoding" value="UTF-8"/>
    <property name="java.class.path" value="/Users/kylo/Desktop/CICD/app/target/test-classes:/Users/kylo/Desktop/CICD/app/target/classes:/Users/kylo/.m2/repository/org/springframework/boot/spring-boot-starter-web/3.3.11/spring-boot-starter-web-3.3.11.jar:/Users/kylo/.m2/repository/org/springframework/boot/spring-boot-starter/3.3.11/spring-boot-starter-3.3.11.jar:/Users/kylo/.m2/repository/org/springframework/boot/spring-boot/3.3.11/spring-boot-3.3.11.jar:/Users/kylo/.m2/repository/org/springframework/boot/spring-boot-autoconfigure/3.3.11/spring-boot-autoconfigure-3.3.11.jar:/Users/kylo/.m2/repository/org/springframework/boot/spring-boot-starter-logging/3.3.11/spring-boot-starter-logging-3.3.11.jar:/Users/kylo/.m2/repository/ch/qos/logback/logback-classic/1.5.18/logback-classic-1.5.18.jar:/Users/kylo/.m2/repository/ch/qos/logback/logback-core/1.5.18/logback-core-1.5.18.jar:/Users/kylo/.m2/repository/org/apache/logging/log4j/log4j-to-slf4j/2.23.1/log4j-to-slf4j-2.23.1.jar:/Users/kylo/.m2/repository/org/apache/logging/log4j/log4j-api/2.23.1/log4j-api-2.23.1.jar:/Users/kylo/.m2/repository/org/slf4j/jul-to-slf4j/2.0.17/jul-to-slf4j-2.0.17.jar:/Users/kylo/.m2/repository/jakarta/annotation/jakarta.annotation-api/2.1.1/jakarta.annotation-api-2.1.1.jar:/Users/kylo/.m2/repository/org/yaml/snakeyaml/2.2/snakeyaml-2.2.jar:/Users/kylo/.m2/repository/org/springframework/boot/spring-boot-starter-json/3.3.11/spring-boot-starter-json-3.3.11.jar:/Users/kylo/.m2/repository/com/fasterxml/jackson/core/jackson-databind/2.17.3/jackson-databind-2.17.3.jar:/Users/kylo/.m2/repository/com/fasterxml/jackson/core/jackson-annotations/2.17.3/jackson-annotations-2.17.3.jar:/Users/kylo/.m2/repository/com/fasterxml/jackson/core/jackson-core/2.17.3/jackson-core-2.17.3.jar:/Users/kylo/.m2/repository/com/fasterxml/jackson/datatype/jackson-datatype-jdk8/2.17.3/jackson-datatype-jdk8-2.17.3.jar:/Users/kylo/.m2/repository/com/fasterxml/jackson/datatype/jackson-datatype-jsr310/2.17.3/jackson-datatype-jsr310-2.17.3.jar:/Users/kylo/.m2/repository/com/fasterxml/jackson/module/jackson-module-parameter-names/2.17.3/jackson-module-parameter-names-2.17.3.jar:/Users/kylo/.m2/repository/org/springframework/boot/spring-boot-starter-tomcat/3.3.11/spring-boot-starter-tomcat-3.3.11.jar:/Users/kylo/.m2/repository/org/apache/tomcat/embed/tomcat-embed-core/10.1.42/tomcat-embed-core-10.1.42.jar:/Users/kylo/.m2/repository/org/apache/tomcat/embed/tomcat-embed-websocket/10.1.42/tomcat-embed-websocket-10.1.42.jar:/Users/kylo/.m2/repository/org/springframework/spring-web/6.1.19/spring-web-6.1.19.jar:/Users/kylo/.m2/repository/org/springframework/spring-beans/6.1.19/spring-beans-6.1.19.jar:/Users/kylo/.m2/repository/io/micrometer/micrometer-observation/1.13.13/micrometer-observation-1.13.13.jar:/Users/kylo/.m2/repository/io/micrometer/micrometer-commons/1.13.13/micrometer-commons-1.13.13.jar:/Users/kylo/.m2/repository/org/springframework/spring-webmvc/6.1.19/spring-webmvc-6.1.19.jar:/Users/kylo/.m2/repository/org/springframework/spring-aop/6.1.19/spring-aop-6.1.19.jar:/Users/kylo/.m2/repository/org/springframework/spring-context/6.1.19/spring-context-6.1.19.jar:/Users/kylo/.m2/repository/org/springframework/spring-expression/6.1.19/spring-expression-6.1.19.jar:/Users/kylo/.m2/repository/org/springframework/boot/spring-boot-starter-validation/3.3.11/spring-boot-starter-validation-3.3.11.jar:/Users/kylo/.m2/repository/org/apache/tomcat/embed/tomcat-embed-el/10.1.42/tomcat-embed-el-10.1.42.jar:/Users/kylo/.m2/repository/org/hibernate/validator/hibernate-validator/8.0.2.Final/hibernate-validator-8.0.2.Final.jar:/Users/kylo/.m2/repository/jakarta/validation/jakarta.validation-api/3.0.2/jakarta.validation-api-3.0.2.jar:/Users/kylo/.m2/repository/org/jboss/logging/jboss-logging/3.5.3.Final/jboss-logging-3.5.3.Final.jar:/Users/kylo/.m2/repository/com/fasterxml/classmate/1.7.0/classmate-1.7.0.jar:/Users/kylo/.m2/repository/org/apache/commons/commons-text/1.10.0/commons-text-1.10.0.jar:/Users/kylo/.m2/repository/org/apache/commons/commons-lang3/3.14.0/commons-lang3-3.14.0.jar:/Users/kylo/.m2/repository/org/springframework/boot/spring-boot-starter-test/3.3.11/spring-boot-starter-test-3.3.11.jar:/Users/kylo/.m2/repository/org/springframework/boot/spring-boot-test/3.3.11/spring-boot-test-3.3.11.jar:/Users/kylo/.m2/repository/org/springframework/boot/spring-boot-test-autoconfigure/3.3.11/spring-boot-test-autoconfigure-3.3.11.jar:/Users/kylo/.m2/repository/com/jayway/jsonpath/json-path/2.9.0/json-path-2.9.0.jar:/Users/kylo/.m2/repository/org/slf4j/slf4j-api/2.0.17/slf4j-api-2.0.17.jar:/Users/kylo/.m2/repository/jakarta/xml/bind/jakarta.xml.bind-api/4.0.2/jakarta.xml.bind-api-4.0.2.jar:/Users/kylo/.m2/repository/jakarta/activation/jakarta.activation-api/2.1.3/jakarta.activation-api-2.1.3.jar:/Users/kylo/.m2/repository/net/minidev/json-smart/2.5.2/json-smart-2.5.2.jar:/Users/kylo/.m2/repository/net/minidev/accessors-smart/2.5.2/accessors-smart-2.5.2.jar:/Users/kylo/.m2/repository/org/ow2/asm/asm/9.7.1/asm-9.7.1.jar:/Users/kylo/.m2/repository/org/assertj/assertj-core/3.25.3/assertj-core-3.25.3.jar:/Users/kylo/.m2/repository/net/bytebuddy/byte-buddy/1.14.19/byte-buddy-1.14.19.jar:/Users/kylo/.m2/repository/org/awaitility/awaitility/4.2.2/awaitility-4.2.2.jar:/Users/kylo/.m2/repository/org/hamcrest/hamcrest/2.2/hamcrest-2.2.jar:/Users/kylo/.m2/repository/org/junit/jupiter/junit-jupiter/5.10.5/junit-jupiter-5.10.5.jar:/Users/kylo/.m2/repository/org/junit/jupiter/junit-jupiter-api/5.10.5/junit-jupiter-api-5.10.5.jar:/Users/kylo/.m2/repository/org/opentest4j/opentest4j/1.3.0/opentest4j-1.3.0.jar:/Users/kylo/.m2/repository/org/junit/platform/junit-platform-commons/1.10.5/junit-platform-commons-1.10.5.jar:/Users/kylo/.m2/repository/org/apiguardian/apiguardian-api/1.1.2/apiguardian-api-1.1.2.jar:/Users/kylo/.m2/repository/org/junit/jupiter/junit-jupiter-params/5.10.5/junit-jupiter-params-5.10.5.jar:/Users/kylo/.m2/repository/org/junit/jupiter/junit-jupiter-engine/5.10.5/junit-jupiter-engine-5.10.5.jar:/Users/kylo/.m2/repository/org/junit/platform/junit-platform-engine/1.10.5/junit-platform-engine-1.10.5.jar:/Users/kylo/.m2/repository/org/mockito/mockito-core/5.11.0/mockito-core-5.11.0.jar:/Users/kylo/.m2/repository/net/bytebuddy/byte-buddy-agent/1.14.19/byte-buddy-agent-1.14.19.jar:/Users/kylo/.m2/repository/org/objenesis/objenesis/3.3/objenesis-3.3.jar:/Users/kylo/.m2/repository/org/mockito/mockito-junit-jupiter/5.11.0/mockito-junit-jupiter-5.11.0.jar:/Users/kylo/.m2/repository/org/skyscreamer/jsonassert/1.5.3/jsonassert-1.5.3.jar:/Users/kylo/.m2/repository/com/vaadin/external/google/android-json/0.0.20131108.vaadin1/android-json-0.0.20131108.vaadin1.jar:/Users/kylo/.m2/repository/org/springframework/spring-core/6.1.19/spring-core-6.1.19.jar:/Users/kylo/.m2/repository/org/springframework/spring-jcl/6.1.19/spring-jcl-6.1.19.jar:/Users/kylo/.m2/repository/org/springframework/spring-test/6.1.19/spring-test-6.1.19.jar:/Users/kylo/.m2/repository/org/xmlunit/xmlunit-core/2.9.1/xmlunit-core-2.9.1.jar:"/>
    <property name="java.vm.vendor" value="Homebrew"/>
    <property name="sun.arch.data.model" value="64"/>
    <property name="catalina.useNaming" value="false"/>
    <property name="java.vendor.url" value="https://github.com/Homebrew/homebrew-core/issues"/>
    <property name="user.timezone" value="America/Los_Angeles"/>
    <property name="org.jboss.logging.provider" value="slf4j"/>
    <property name="os.name" value="Mac OS X"/>
    <property name="java.vm.specification.version" value="24"/>
    <property name="sun.java.launcher" value="SUN_STANDARD"/>
    <property name="user.country" value="US"/>
    <property name="sun.boot.library.path" value="/usr/local/Cellar/openjdk/24.0.1/libexec/openjdk.jdk/Contents/Home/lib"/>
    <property name="sun.java.command" value="/Users/kylo/Desktop/CICD/app/target/surefire/surefirebooter-20250822163759030_3.jar /Users/kylo/Desktop/CICD/app/target/surefire 2025-08-22T16-37-58_929-jvmRun1 surefire-20250822163759030_1tmp surefire_0-20250822163759030_2tmp"/>
    <property name="http.nonProxyHosts" value="local|*.local|169.254/16|*.169.254/16"/>
    <property name="jdk.debug" value="release"/>
    <property name="surefire.test.class.path" value="/Users/kylo/Desktop/CICD/app/target/test-classes:/Users/kylo/Desktop/CICD/app/target/classes:/Users/kylo/.m2/repository/org/springframework/boot/spring-boot-starter-web/3.3.11/spring-boot-starter-web-3.3.11.jar:/Users/kylo/.m2/repository/org/springframework/boot/spring-boot-starter/3.3.11/spring-boot-starter-3.3.11.jar:/Users/kylo/.m2/repository/org/springframework/boot/spring-boot/3.3.11/spring-boot-3.3.11.jar:/Users/kylo/.m2/repository/org/springframework/boot/spring-boot-autoconfigure/3.3.11/spring-boot-autoconfigure-3.3.11.jar:/Users/kylo/.m2/repository/org/springframework/boot/spring-boot-starter-logging/3.3.11/spring-boot-starter-logging-3.3.11.jar:/Users/kylo/.m2/repository/ch/qos/logback/logback-classic/1.5.18/logback-classic-1.5.18.jar:/Users/kylo/.m2/repository/ch/qos/logback/logback-core/1.5.18/logback-core-1.5.18.jar:/Users/kylo/.m2/repository/org/apache/logging/log4j/log4j-to-slf4j/2.23.1/log4j-to-slf4j-2.23.1.jar:/Users/kylo/.m2/repository/org/apache/logging/log4j/log4j-api/2.23.1/log4j-api-2.23.1.jar:/Users/kylo/.m2/repository/org/slf4j/jul-to-slf4j/2.0.17/jul-to-slf4j-2.0.17.jar:/Users/kylo/.m2/repository/jakarta/annotation/jakarta.annotation-api/2.1.1/jakarta.annotation-api-2.1.1.jar:/Users/kylo/.m2/repository/org/yaml/snakeyaml/2.2/snakeyaml-2.2.jar:/Users/kylo/.m2/repository/org/springframework/boot/spring-boot-starter-json/3.3.11/spring-boot-starter-json-3.3.11.jar:/Users/kylo/.m2/repository/com/fasterxml/jackson/core/jackson-databind/2.17.3/jackson-databind-2.17.3.jar:/Users/kylo/.m2/repository/com/fasterxml/jackson/core/jackson-annotations/2.17.3/jackson-annotations-2.17.3.jar:/Users/kylo/.m2/repository/com/fasterxml/jackson/core/jackson-core/2.17.3/jackson-core-2.17.3.jar:/Users/kylo/.m2/repository/com/fasterxml/jackson/datatype/jackson-datatype-jdk8/2.17.3/jackson-datatype-jdk8-2.17.3.jar:/Users/kylo/.m2/repository/com/fasterxml/jackson/datatype/jackson-datatype-jsr310/2.17.3/jackson-datatype-jsr310-2.17.3.jar:/Users/kylo/.m2/repository/com/fasterxml/jackson/module/jackson-module-parameter-names/2.17.3/jackson-module-parameter-names-2.17.3.jar:/Users/kylo/.m2/repository/org/springframework/boot/spring-boot-starter-tomcat/3.3.11/spring-boot-starter-tomcat-3.3.11.jar:/Users/kylo/.m2/repository/org/apache/tomcat/embed/tomcat-embed-core/10.1.42/tomcat-embed-core-10.1.42.jar:/Users/kylo/.m2/repository/org/apache/tomcat/embed/tomcat-embed-websocket/10.1.42/tomcat-embed-websocket-10.1.42.jar:/Users/kylo/.m2/repository/org/springframework/spring-web/6.1.19/spring-web-6.1.19.jar:/Users/kylo/.m2/repository/org/springframework/spring-beans/6.1.19/spring-beans-6.1.19.jar:/Users/kylo/.m2/repository/io/micrometer/micrometer-observation/1.13.13/micrometer-observation-1.13.13.jar:/Users/kylo/.m2/repository/io/micrometer/micrometer-commons/1.13.13/micrometer-commons-1.13.13.jar:/Users/kylo/.m2/repository/org/springframework/spring-webmvc/6.1.19/spring-webmvc-6.1.19.jar:/Users/kylo/.m2/repository/org/springframework/spring-aop/6.1.19/spring-aop-6.1.19.jar:/Users/kylo/.m2/repository/org/springframework/spring-context/6.1.19/spring-context-6.1.19.jar:/Users/kylo/.m2/repository/org/springframework/spring-expression/6.1.19/spring-expression-6.1.19.jar:/Users/kylo/.m2/repository/org/springframework/boot/spring-boot-starter-validation/3.3.11/spring-boot-starter-validation-3.3.11.jar:/Users/kylo/.m2/repository/org/apache/tomcat/embed/tomcat-embed-el/10.1.42/tomcat-embed-el-10.1.42.jar:/Users/kylo/.m2/repository/org/hibernate/validator/hibernate-validator/8.0.2.Final/hibernate-validator-8.0.2.Final.jar:/Users/kylo/.m2/repository/jakarta/validation/jakarta.validation-api/3.0.2/jakarta.validation-api-3.0.2.jar:/Users/kylo/.m2/repository/org/jboss/logging/jboss-logging/3.5.3.Final/jboss-logging-3.5.3.Final.jar:/Users/kylo/.m2/repository/com/fasterxml/classmate/1.7.0/classmate-1.7.0.jar:/Users/kylo/.m2/repository/org/apache/commons/commons-text/1.10.0/commons-text-1.10.0.jar:/Users/kylo/.m2/repository/org/apache/commons/commons-lang3/3.14.0/commons-lang3-3.14.0.jar:/Users/kylo/.m2/repository/org/springframework/boot/spring-boot-starter-test/3.3.11/spring-boot-starter-test-3.3.11.jar:/Users/kylo/.m2/repository/org/springframework/boot/spring-boot-test/3.3.11/spring-boot-test-3.3.11.jar:/Users/kylo/.m2/repository/org/springframework/boot/spring-boot-test-autoconfigure/3.3.11/spring-boot-test-autoconfigure-3.3.11.jar:/Users/kylo/.m2/repository/com/jayway/jsonpath/json-path/2.9.0/json-path-2.9.0.jar:/Users/kylo/.m2/repository/org/slf4j/slf4j-api/2.0.17/slf4j-api-2.0.17.jar:/Users/kylo/.m2/repository/jakarta/xml/bind/jakarta.xml.bind-api/4.0.2/jakarta.xml.bind-api-4.0.2.jar:/Users/kylo/.m2/repository/jakarta/activation/jakarta.activation-api/2.1.3/jakarta.activation-api-2.1.3.jar:/Users/kylo/.m2/repository/net/minidev/json-smart/2.5.2/json-smart-2.5.2.jar:/Users/kylo/.m2/repository/net/minidev/accessors-smart/2.5.2/accessors-smart-2.5.2.jar:/Users/kylo/.m2/repository/org/ow2/asm/asm/9.7.1/asm-9.7.1.jar:/Users/kylo/.m2/repository/org/assertj/assertj-core/3.25.3/assertj-core-3.25.3.jar:/Users/kylo/.m2/repository/net/bytebuddy/byte-buddy/1.14.19/byte-buddy-1.14.19.jar:/Users/kylo/.m2/repository/org/awaitility/awaitility/4.2.2/awaitility-4.2.2.jar:/Users/kylo/.m2/repository/org/hamcrest/hamcrest/2.2/hamcrest-2.2.jar:/Users/kylo/.m2/repository/org/junit/jupiter/junit-jupiter/5.10.5/junit-jupiter-5.10.5.jar:/Users/kylo/.m2/repository/org/junit/jupiter/junit-jupiter-api/5.10.5/junit-jupiter-api-5.10.5.jar:/Users/kylo/.m2/repository/org/opentest4j/opentest4j/1.3.0/opentest4j-1.3.0.jar:/Users/kylo/.m2/repository/org/junit/platform/junit-platform-commons/1.10.5/junit-platform-commons-1.10.5.jar:/Users/kylo/.m2/repository/org/apiguardian/apiguardian-api/1.1.2/apiguardian-api-1.1.2.jar:/Users/kylo/.m2/repository/org/junit/jupiter/junit-jupiter-params/5.10.5/junit-jupiter-params-5.10.5.jar:/Users/kylo/.m2/repository/org/junit/jupiter/junit-jupiter-engine/5.10.5/junit-jupiter-engine-5.10.5.jar:/Users/kylo/.m2/repository/org/junit/platform/junit-platform-engine/1.10.5/junit-platform-engine-1.10.5.jar:/Users/kylo/.m2/repository/org/mockito/mockito-core/5.11.0/mockito-core-5.11.0.jar:/Users/kylo/.m2/repository/net/bytebuddy/byte-buddy-agent/1.14.19/byte-buddy-agent-1.14.19.jar:/Users/kylo/.m2/repository/org/objenesis/objenesis/3.3/objenesis-3.3.jar:/Users/kylo/.m2/repository/org/mockito/mockito-junit-jupiter/5.11.0/mockito-junit-jupiter-5.11.0.jar:/Users/kylo/.m2/repository/org/skyscreamer/jsonassert/1.5.3/jsonassert-1.5.3.jar:/Users/kylo/.m2/repository/com/vaadin/external/google/android-json/0.0.20131108.vaadin1/android-json-0.0.20131108.vaadin1.jar:/Users/kylo/.m2/repository/org/springframework/spring-core/6.1.19/spring-core-6.1.19.jar:/Users/kylo/.m2/repository/org/springframework/spring-jcl/6.1.19/spring-jcl-6.1.19.jar:/Users/kylo/.m2/repository/org/springframework/spring-test/6.1.19/spring-test-6.1.19.jar:/Users/kylo/.m2/repository/org/xmlunit/xmlunit-core/2.9.1/xmlunit-core-2.9.1.jar:"/>
    <property name="sun.cpu.endian" value="little"/>
    <property name="user.home" value="/Users/kylo"/>
    <property name="user.language" value="en"/>
    <property name="java.specification.vendor" value="Oracle Corporation"/>
    <property name="java.version.date" value="2025-04-15"/>
    <property name="java.home" value="/usr/local/Cellar/openjdk/24.0.1/libexec/openjdk.jdk/Contents/Home"/>
    <property name="file.separator" value="/"/>
    <property name="basedir" value="/Users/kylo/Desktop/CICD/app"/>
    <property name="java.vm.compressedOopsMode" value="Zero based"/>
    <property name="line.separator" value="&#10;"/>
    <property name="java.vm.specification.vendor" value="Oracle Corporation"/>
    <property name="java.specification.name" value="Java Platform API Specification"/>
    <property name="FILE_LOG_CHARSET" value="UTF-8"/>
    <property name="java.awt.headless" value="true"/>
    <property name="apple.awt.application.name" value="ForkedBooter"/>
    <property name="surefire.real.class.path" value="/Users/kylo/Desktop/CICD/app/target/surefire/surefirebooter-20250822163759030_3.jar"/>
    <property name="sun.management.compiler" value="HotSpot 64-Bit Tiered Compilers"/>
    <property name="ftp.nonProxyHosts" value="local|*.local|169.254/16|*.169.254/16"/>
    <property name="java.runtime.version" value="24.0.1"/>
    <property name="user.name" value="kylo"/>
    <property name="stdout.encoding" value="UTF-8"/>
    <property name="path.separator" value=":"/>
    <property name="os.version" value="15.6"/>
    <property name="java.runtime.name" value="OpenJDK Runtime Environment"/>
    <property name="file.encoding" value="UTF-8"/>
    <property name="java.vm.name" value="OpenJDK 64-Bit Server VM"/>
    <property name="java.vendor.version" value="Homebrew"/>
    <property name="localRepository" value="/Users/kylo/.m2/repository"/>
    <property name="java.vendor.url.bug" value="https://github.com/Homebrew/homebrew-core/issues"/>
    <property name="java.io.tmpdir" value="/var/folders/x2/g6yfrh4j2h96pn7qhls8s6v80000gn/T/"/>
    <property name="catalina.home" value="/private/var/folders/x2/g6yfrh4j2h96pn7qhls8s6v80000gn/T/tomcat.0.18400912256866236610"/>
    <property name="java.version" value="24.0.1"/>
    <property name="user.dir" value="/Users/kylo/Desktop/CICD/app"/>
    <property name="os.arch" value="x86_64"/>
    <property name="java.vm.specification.name" value="Java Virtual Machine Specification"/>
    <property name="PID" value="99820"/>
    <property name="CONSOLE_LOG_CHARSET" value="UTF-8"/>
    <property name="catalina.base" value="/private/var/folders/x2/g6yfrh4j2h96pn7qhls8s6v80000gn/T/tomcat.0.18400912256866236610"/>
    <property name="native.encoding" value="UTF-8"/>
    <property name="java.library.path" value="/Users/kylo/Library/Java/Extensions:/Library/Java/Extensions:/Network/Library/Java/Extensions:/System/Library/Java/Extensions:/usr/lib/java:."/>
    <property name="java.vm.info" value="mixed mode, sharing"/>
    <property name="stderr.encoding" value="UTF-8"/>
    <property name="java.vendor" value="Homebrew"/>
    <property name="java.vm.version" value="24.0.1"/>
    <property name="sun.io.unicode.encoding" value="UnicodeBig"/>
    <property name="socksNonProxyHosts" value="local|*.local|169.254/16|*.169.254/16"/>
    <property name="java.class.version" value="68.0"/>
  </properties>
  <testcase name="healthUp" classname="com.example.payments.PaymentTests" time="1.085">
    <system-out><![CDATA[16:38:00.220 [main] INFO org.springframework.test.context.support.AnnotationConfigContextLoaderUtils -- Could not detect default configuration classes for test class [com.example.payments.PaymentTests]: PaymentTests does not declare any static, non-private, non-final, nested classes annotated with @Configuration.
16:38:00.495 [main] INFO org.springframework.boot.test.context.SpringBootTestContextBootstrapper -- Found @SpringBootConfiguration com.example.payments.Application for test class com.example.payments.PaymentTests

  .   ____          _            __ _ _
 /\\ / ___'_ __ _ _(_)_ __  __ _ \ \ \ \
( ( )\___ | '_ | '_| | '_ \/ _` | \ \ \ \
 \\/  ___)| |_)| | | | | || (_| |  ) ) ) )
  '  |____| .__|_| |_|_| |_\__, | / / / /
 =========|_|==============|___/=/_/_/_/

 :: Spring Boot ::               (v3.3.11)

2025-08-22T16:38:01.315-07:00  INFO 99820 --- [           main] com.example.payments.PaymentTests        : Starting PaymentTests using Java 24.0.1 with PID 99820 (started by kylo in /Users/kylo/Desktop/CICD/app)
2025-08-22T16:38:01.317-07:00  INFO 99820 --- [           main] com.example.payments.PaymentTests        : No active profile set, falling back to 1 default profile: "default"
2025-08-22T16:38:03.080-07:00  INFO 99820 --- [           main] o.s.b.w.embedded.tomcat.TomcatWebServer  : Tomcat initialized with port 0 (http)
2025-08-22T16:38:03.102-07:00  INFO 99820 --- [           main] o.apache.catalina.core.StandardService   : Starting service [Tomcat]
2025-08-22T16:38:03.103-07:00  INFO 99820 --- [           main] o.apache.catalina.core.StandardEngine    : Starting Servlet engine: [Apache Tomcat/10.1.42]
2025-08-22T16:38:03.142-07:00  INFO 99820 --- [           main] o.a.c.c.C.[Tomcat].[localhost].[/]       : Initializing Spring embedded WebApplicationContext
2025-08-22T16:38:03.144-07:00  INFO 99820 --- [           main] w.s.c.ServletWebServerApplicationContext : Root WebApplicationContext: initialization completed in 1801 ms
2025-08-22T16:38:03.829-07:00  INFO 99820 --- [           main] o.s.b.w.embedded.tomcat.TomcatWebServer  : Tomcat started on port 58851 (http) with context path '/'
2025-08-22T16:38:03.844-07:00  INFO 99820 --- [           main] com.example.payments.PaymentTests        : Started PaymentTests in 3.053 seconds (process running for 4.714)
2025-08-22T16:38:04.854-07:00  INFO 99820 --- [o-auto-1-exec-1] o.a.c.c.C.[Tomcat].[localhost].[/]       : Initializing Spring DispatcherServlet 'dispatcherServlet'
2025-08-22T16:38:04.855-07:00  INFO 99820 --- [o-auto-1-exec-1] o.s.web.servlet.DispatcherServlet        : Initializing Servlet 'dispatcherServlet'
2025-08-22T16:38:04.862-07:00  INFO 99820 --- [o-auto-1-exec-1] o.s.web.servlet.DispatcherServlet        : Completed initialization in 7 ms
]]></system-out>
    <system-err><![CDATA[WARNING: A Java agent has been loaded dynamically (/Users/kylo/.m2/repository/net/bytebuddy/byte-buddy-agent/1.14.19/byte-buddy-agent-1.14.19.jar)
WARNING: If a serviceability tool is in use, please run with -XX:+EnableDynamicAgentLoading to hide this warning
WARNING: If a serviceability tool is not in use, please run with -Djdk.instrument.traceUsage for more information
WARNING: Dynamic loading of agents will be disallowed by default in a future release
]]></system-err>
  </testcase>
</testsuite>